2014-09-03 11:28:01,913 ERROR [errorlog] java.lang.Exception: TestSuite with name [SubmitOrder] is missing in Project [OrderServiceHTTP]
java.lang.Exception: TestSuite with name [SubmitOrder] is missing in Project [OrderServiceHTTP]
	at com.eviware.soapui.tools.SoapUITestCaseRunner.runRunner(SoapUITestCaseRunner.java:363)
	at com.eviware.soapui.tools.AbstractSoapUIRunner.run(AbstractSoapUIRunner.java:162)
	at com.eviware.soapui.tools.AbstractSoapUIRunner.runFromCommandLine(AbstractSoapUIRunner.java:93)
	at com.eviware.soapui.tools.SoapUITestCaseRunner.main(SoapUITestCaseRunner.java:119)
2014-09-03 11:30:51,718 ERROR [errorlog] java.lang.Exception: TestSuite with name [SubmitOrder] is missing in Project [OrderServiceHTTP]
java.lang.Exception: TestSuite with name [SubmitOrder] is missing in Project [OrderServiceHTTP]
	at com.eviware.soapui.tools.SoapUITestCaseRunner.runRunner(SoapUITestCaseRunner.java:363)
	at com.eviware.soapui.tools.AbstractSoapUIRunner.run(AbstractSoapUIRunner.java:162)
	at com.eviware.soapui.tools.AbstractSoapUIRunner.runFromCommandLine(AbstractSoapUIRunner.java:93)
	at com.eviware.soapui.tools.SoapUITestCaseRunner.main(SoapUITestCaseRunner.java:119)
2014-09-03 11:33:14,503 ERROR [errorlog] java.lang.Exception: TestCase with name [TEST_PRODUCT] in TestSuite [SubmitOrder] is missing in Project [OrderServiceHTTP]
java.lang.Exception: TestCase with name [TEST_PRODUCT] in TestSuite [SubmitOrder] is missing in Project [OrderServiceHTTP]
	at com.eviware.soapui.tools.SoapUITestCaseRunner.runRunner(SoapUITestCaseRunner.java:391)
	at com.eviware.soapui.tools.AbstractSoapUIRunner.run(AbstractSoapUIRunner.java:162)
	at com.eviware.soapui.tools.AbstractSoapUIRunner.runFromCommandLine(AbstractSoapUIRunner.java:93)
	at com.eviware.soapui.tools.SoapUITestCaseRunner.main(SoapUITestCaseRunner.java:119)
2014-09-03 11:34:14,667 ERROR [errorlog] java.lang.Exception: SOAP Response in [SubmitOrder-TEST_PRODUCT] failed;
[line -1: error: </body> does not close tag <HR>., line 1: </body> does not close tag <HR>.]
Status: FAILED
Time Taken: 1402
Size: 1003
Timestamp: Wed Sep 03 11:34:13 CEST 2014
TestStep: SubmitOrder-TEST_PRODUCT

----------------- Messages ------------------------------
[SOAP Response] error: </body> does not close tag <HR>.
[SOAP Response] </body> does not close tag <HR>.

----------------- Properties ------------------------------
Encoding: UTF-8
Endpoint: http://localhost:18080/omsServer/api/orderService

---------------- Request ---------------------------
Request Headers: Host : localhost:18080
Content-Length : 4991
SOAPAction : "http://www.tibco.com/aff/service/soap/SubmitOrder"
Accept-Encoding : gzip,deflate
User-Agent : Apache-HttpClient/4.1.1 (java 1.5)
Connection : Keep-Alive
Content-Type : text/xml;charset=UTF-8


<soapenv:Envelope xmlns:soapenv="http://schemas.xmlsoap.org/soap/envelope/" xmlns:ord="http://www.tibco.com/aff/orderservice" xmlns:ord1="http://www.tibco.com/aff/order" xmlns:com="http://www.tibco.com/aff/commontypes">
   <soapenv:Header xmlns:wsa="http://www.w3.org/2005/08/addressing">
      <wsse:Security soapenv:mustUnderstand="1" xmlns:wsse="http://docs.oasis-open.org/wss/2004/01/oasis-200401-wss-wssecurity-secext-1.0.xsd">
         <wsse:UsernameToken>
            <wsse:Username>admin</wsse:Username>
            <wsse:Password Type="http://docs.oasis-open.org/wss/2004/01/oasis-200401-wss-username-token-profile-1.0#PasswordText">admin</wsse:Password>
         </wsse:UsernameToken>
      </wsse:Security>
      <wsa:Action>http://www.tibco.com/aff/service/soap/SubmitOrder</wsa:Action>
   </soapenv:Header>
   <soapenv:Body>
      <ord:SubmitOrderRequest ExternalBusinessTransactionID="12345">
         <ord:orderRequest>
            <ord1:orderRef>ORDER_REF_1409736853050</ord1:orderRef>
            <ord1:header>
               <!--Optional:-->
               <ord1:description>ORDER_REF_1409736853050</ord1:description>
               <!--Optional:-->
               <ord1:customerID>TIBCO</ord1:customerID>
               <!--Optional:-->
               <ord1:subscriberID>ABC</ord1:subscriberID>
               <!--You have a CHOICE of the next 2 items at this level-->
               <!--Optional:-->
               <!--<ord1:requiredByDate>2011-05-16T13:20:00+05:30</ord1:requiredByDate>-->
               <!--Optional:-->
               <ord1:invoiceAddress>
                  <com:line1>line1</com:line1>
                  <!--Optional:-->
                  <com:line2>line2</com:line2>
                  <!--Optional:-->
                  <com:line3>line3</com:line3>
                  <com:locality>locality</com:locality>
                  <!--Optional:-->
                  <com:region>region</com:region>
                  <com:country>US</com:country>
                  <com:postCode>11111</com:postCode>
                  <!--Optional:-->
                  <com:supplementaryLocation>supplementaryLocation</com:supplementaryLocation>
               </ord1:invoiceAddress>
               <!--Optional:-->
               <ord1:deliveryAddress>
                  <com:line1>line1</com:line1>
                  <!--Optional:-->
                  <com:line2>line2</com:line2>
                  <!--Optional:-->
                  <com:line3>line3</com:line3>
                  <com:locality>locality</com:locality>
                  <!--Optional:-->
                  <com:region>region</com:region>
                  <com:country>US</com:country>
                  <com:postCode>11111</com:postCode>
                  <!--Optional:-->
                  <com:supplementaryLocation>supplementaryLocation</com:supplementaryLocation>
               </ord1:deliveryAddress>
               <!--Optional:-->
               <ord1:notes>notes</ord1:notes>
               <!--Zero or more repetitions:-->
               <ord1:slaID>SLAID_01</ord1:slaID>
               <!--Zero or more repetitions:-->
               <ord1:udf>
                  <ord1:name>orderheaderUDF</ord1:name>
                  <ord1:value>EMPTY</ord1:value>
                  <!--Optional:-->
               </ord1:udf>
               <ord1:extension>
                  <fulfilment>AFO</fulfilment>
               </ord1:extension>
            </ord1:header>
            <!--1 or more repetitions:-->
            <ord1:line>
               <ord1:lineNumber>1</ord1:lineNumber>
               <!--Optional:-->
               <ord1:subscriberID>ABC</ord1:subscriberID>
               <ord1:productID>TEST_PRODUCT</ord1:productID>
               <!--Optional:-->
               <ord1:productVersion>0.1</ord1:productVersion>
               <ord1:quantity>1</ord1:quantity>
               <ord1:uom>UOM</ord1:uom>
               <!--Optional:-->
               <ord1:deliveryAddress>
                  <com:line1>line1</com:line1>
                  <!--Optional:-->
                  <com:line2>line2</com:line2>
                  <com:line3>line3</com:line3>
                  <com:locality>locality</com:locality>
                  <com:region>region</com:region>
                  <com:country>us</com:country>
                  <com:postCode>11111</com:postCode>
                  <com:supplementaryLocation>supplementaryLocation</com:supplementaryLocation>
               </ord1:deliveryAddress>
               <ord1:action>PROVIDE</ord1:action>
               <ord1:actionMode>MOVE</ord1:actionMode>
               <!--<ord1:requiredByDate>2011-05-16T13:20:00+05:30</ord1:requiredByDate>-->
               <ord1:linkID>order1</ord1:linkID>
               <ord1:inventoryID>1234567</ord1:inventoryID>
               <ord1:notes>NOTES</ord1:notes>
               <ord1:slaID>SLAID_01</ord1:slaID>
            </ord1:line>
         </ord:orderRequest>
      </ord:SubmitOrderRequest>
   </soapenv:Body>
</soapenv:Envelope>

---------------- Response --------------------------
Response Headers: Date : Wed, 03 Sep 2014 09:34:14 GMT
#status# : HTTP/1.1 404 Not Found
Content-Length : 1003
Content-Type : text/html;charset=utf-8
Server : Apache-Coyote/1.1


<html><head><title>Apache Tomcat/7.0.42 - Error report</title><style><!--H1 {font-family:Tahoma,Arial,sans-serif;color:white;background-color:#525D76;font-size:22px;} H2 {font-family:Tahoma,Arial,sans-serif;color:white;background-color:#525D76;font-size:16px;} H3 {font-family:Tahoma,Arial,sans-serif;color:white;background-color:#525D76;font-size:14px;} BODY {font-family:Tahoma,Arial,sans-serif;color:black;background-color:white;} B {font-family:Tahoma,Arial,sans-serif;color:white;background-color:#525D76;} P {font-family:Tahoma,Arial,sans-serif;background:white;color:black;font-size:12px;}A {color : black;}A.name {color : black;}HR {color : #525D76;}--></style> </head><body><h1>HTTP Status 404 - /omsServer/api/orderService</h1><HR size="1" noshade="noshade"><p><b>type</b> Status report</p><p><b>message</b> <u>/omsServer/api/orderService</u></p><p><b>description</b> <u>The requested resource is not available.</u></p><HR size="1" noshade="noshade"><h3>Apache Tomcat/7.0.42</h3></body></html>

java.lang.Exception: SOAP Response in [SubmitOrder-TEST_PRODUCT] failed;
[line -1: error: </body> does not close tag <HR>., line 1: </body> does not close tag <HR>.]
Status: FAILED
Time Taken: 1402
Size: 1003
Timestamp: Wed Sep 03 11:34:13 CEST 2014
TestStep: SubmitOrder-TEST_PRODUCT

----------------- Messages ------------------------------
[SOAP Response] error: </body> does not close tag <HR>.
[SOAP Response] </body> does not close tag <HR>.

----------------- Properties ------------------------------
Encoding: UTF-8
Endpoint: http://localhost:18080/omsServer/api/orderService

---------------- Request ---------------------------
Request Headers: Host : localhost:18080
Content-Length : 4991
SOAPAction : "http://www.tibco.com/aff/service/soap/SubmitOrder"
Accept-Encoding : gzip,deflate
User-Agent : Apache-HttpClient/4.1.1 (java 1.5)
Connection : Keep-Alive
Content-Type : text/xml;charset=UTF-8


<soapenv:Envelope xmlns:soapenv="http://schemas.xmlsoap.org/soap/envelope/" xmlns:ord="http://www.tibco.com/aff/orderservice" xmlns:ord1="http://www.tibco.com/aff/order" xmlns:com="http://www.tibco.com/aff/commontypes">
   <soapenv:Header xmlns:wsa="http://www.w3.org/2005/08/addressing">
      <wsse:Security soapenv:mustUnderstand="1" xmlns:wsse="http://docs.oasis-open.org/wss/2004/01/oasis-200401-wss-wssecurity-secext-1.0.xsd">
         <wsse:UsernameToken>
            <wsse:Username>admin</wsse:Username>
            <wsse:Password Type="http://docs.oasis-open.org/wss/2004/01/oasis-200401-wss-username-token-profile-1.0#PasswordText">admin</wsse:Password>
         </wsse:UsernameToken>
      </wsse:Security>
      <wsa:Action>http://www.tibco.com/aff/service/soap/SubmitOrder</wsa:Action>
   </soapenv:Header>
   <soapenv:Body>
      <ord:SubmitOrderRequest ExternalBusinessTransactionID="12345">
         <ord:orderRequest>
            <ord1:orderRef>ORDER_REF_1409736853050</ord1:orderRef>
            <ord1:header>
               <!--Optional:-->
               <ord1:description>ORDER_REF_1409736853050</ord1:description>
               <!--Optional:-->
               <ord1:customerID>TIBCO</ord1:customerID>
               <!--Optional:-->
               <ord1:subscriberID>ABC</ord1:subscriberID>
               <!--You have a CHOICE of the next 2 items at this level-->
               <!--Optional:-->
               <!--<ord1:requiredByDate>2011-05-16T13:20:00+05:30</ord1:requiredByDate>-->
               <!--Optional:-->
               <ord1:invoiceAddress>
                  <com:line1>line1</com:line1>
                  <!--Optional:-->
                  <com:line2>line2</com:line2>
                  <!--Optional:-->
                  <com:line3>line3</com:line3>
                  <com:locality>locality</com:locality>
                  <!--Optional:-->
                  <com:region>region</com:region>
                  <com:country>US</com:country>
                  <com:postCode>11111</com:postCode>
                  <!--Optional:-->
                  <com:supplementaryLocation>supplementaryLocation</com:supplementaryLocation>
               </ord1:invoiceAddress>
               <!--Optional:-->
               <ord1:deliveryAddress>
                  <com:line1>line1</com:line1>
                  <!--Optional:-->
                  <com:line2>line2</com:line2>
                  <!--Optional:-->
                  <com:line3>line3</com:line3>
                  <com:locality>locality</com:locality>
                  <!--Optional:-->
                  <com:region>region</com:region>
                  <com:country>US</com:country>
                  <com:postCode>11111</com:postCode>
                  <!--Optional:-->
                  <com:supplementaryLocation>supplementaryLocation</com:supplementaryLocation>
               </ord1:deliveryAddress>
               <!--Optional:-->
               <ord1:notes>notes</ord1:notes>
               <!--Zero or more repetitions:-->
               <ord1:slaID>SLAID_01</ord1:slaID>
               <!--Zero or more repetitions:-->
               <ord1:udf>
                  <ord1:name>orderheaderUDF</ord1:name>
                  <ord1:value>EMPTY</ord1:value>
                  <!--Optional:-->
               </ord1:udf>
               <ord1:extension>
                  <fulfilment>AFO</fulfilment>
               </ord1:extension>
            </ord1:header>
            <!--1 or more repetitions:-->
            <ord1:line>
               <ord1:lineNumber>1</ord1:lineNumber>
               <!--Optional:-->
               <ord1:subscriberID>ABC</ord1:subscriberID>
               <ord1:productID>TEST_PRODUCT</ord1:productID>
               <!--Optional:-->
               <ord1:productVersion>0.1</ord1:productVersion>
               <ord1:quantity>1</ord1:quantity>
               <ord1:uom>UOM</ord1:uom>
               <!--Optional:-->
               <ord1:deliveryAddress>
                  <com:line1>line1</com:line1>
                  <!--Optional:-->
                  <com:line2>line2</com:line2>
                  <com:line3>line3</com:line3>
                  <com:locality>locality</com:locality>
                  <com:region>region</com:region>
                  <com:country>us</com:country>
                  <com:postCode>11111</com:postCode>
                  <com:supplementaryLocation>supplementaryLocation</com:supplementaryLocation>
               </ord1:deliveryAddress>
               <ord1:action>PROVIDE</ord1:action>
               <ord1:actionMode>MOVE</ord1:actionMode>
               <!--<ord1:requiredByDate>2011-05-16T13:20:00+05:30</ord1:requiredByDate>-->
               <ord1:linkID>order1</ord1:linkID>
               <ord1:inventoryID>1234567</ord1:inventoryID>
               <ord1:notes>NOTES</ord1:notes>
               <ord1:slaID>SLAID_01</ord1:slaID>
            </ord1:line>
         </ord:orderRequest>
      </ord:SubmitOrderRequest>
   </soapenv:Body>
</soapenv:Envelope>

---------------- Response --------------------------
Response Headers: Date : Wed, 03 Sep 2014 09:34:14 GMT
#status# : HTTP/1.1 404 Not Found
Content-Length : 1003
Content-Type : text/html;charset=utf-8
Server : Apache-Coyote/1.1


<html><head><title>Apache Tomcat/7.0.42 - Error report</title><style><!--H1 {font-family:Tahoma,Arial,sans-serif;color:white;background-color:#525D76;font-size:22px;} H2 {font-family:Tahoma,Arial,sans-serif;color:white;background-color:#525D76;font-size:16px;} H3 {font-family:Tahoma,Arial,sans-serif;color:white;background-color:#525D76;font-size:14px;} BODY {font-family:Tahoma,Arial,sans-serif;color:black;background-color:white;} B {font-family:Tahoma,Arial,sans-serif;color:white;background-color:#525D76;} P {font-family:Tahoma,Arial,sans-serif;background:white;color:black;font-size:12px;}A {color : black;}A.name {color : black;}HR {color : #525D76;}--></style> </head><body><h1>HTTP Status 404 - /omsServer/api/orderService</h1><HR size="1" noshade="noshade"><p><b>type</b> Status report</p><p><b>message</b> <u>/omsServer/api/orderService</u></p><p><b>description</b> <u>The requested resource is not available.</u></p><HR size="1" noshade="noshade"><h3>Apache Tomcat/7.0.42</h3></body></html>

	at com.eviware.soapui.tools.SoapUITestCaseRunner.throwFailureException(SoapUITestCaseRunner.java:535)
	at com.eviware.soapui.tools.SoapUITestCaseRunner.runRunner(SoapUITestCaseRunner.java:437)
	at com.eviware.soapui.tools.AbstractSoapUIRunner.run(AbstractSoapUIRunner.java:162)
	at com.eviware.soapui.tools.AbstractSoapUIRunner.runFromCommandLine(AbstractSoapUIRunner.java:93)
	at com.eviware.soapui.tools.SoapUITestCaseRunner.main(SoapUITestCaseRunner.java:119)
2014-09-03 12:24:22,233 ERROR [errorlog] java.lang.Exception: SOAP Response in [SubmitOrder-TEST_PRODUCT] failed;
[line -1: error: </body> does not close tag <HR>., line 1: </body> does not close tag <HR>.]
Status: FAILED
Time Taken: 265
Size: 1003
Timestamp: Wed Sep 03 12:24:21 CEST 2014
TestStep: SubmitOrder-TEST_PRODUCT

----------------- Messages ------------------------------
[SOAP Response] error: </body> does not close tag <HR>.
[SOAP Response] </body> does not close tag <HR>.

----------------- Properties ------------------------------
Encoding: UTF-8
Endpoint: http://localhost:18080/omsServer/api/orderService

---------------- Request ---------------------------
Request Headers: Host : localhost:18080
Content-Length : 4991
SOAPAction : "http://www.tibco.com/aff/service/soap/SubmitOrder"
Accept-Encoding : gzip,deflate
User-Agent : Apache-HttpClient/4.1.1 (java 1.5)
Connection : Keep-Alive
Content-Type : text/xml;charset=UTF-8


<soapenv:Envelope xmlns:soapenv="http://schemas.xmlsoap.org/soap/envelope/" xmlns:ord="http://www.tibco.com/aff/orderservice" xmlns:ord1="http://www.tibco.com/aff/order" xmlns:com="http://www.tibco.com/aff/commontypes">
   <soapenv:Header xmlns:wsa="http://www.w3.org/2005/08/addressing">
      <wsse:Security soapenv:mustUnderstand="1" xmlns:wsse="http://docs.oasis-open.org/wss/2004/01/oasis-200401-wss-wssecurity-secext-1.0.xsd">
         <wsse:UsernameToken>
            <wsse:Username>admin</wsse:Username>
            <wsse:Password Type="http://docs.oasis-open.org/wss/2004/01/oasis-200401-wss-username-token-profile-1.0#PasswordText">admin</wsse:Password>
         </wsse:UsernameToken>
      </wsse:Security>
      <wsa:Action>http://www.tibco.com/aff/service/soap/SubmitOrder</wsa:Action>
   </soapenv:Header>
   <soapenv:Body>
      <ord:SubmitOrderRequest ExternalBusinessTransactionID="12345">
         <ord:orderRequest>
            <ord1:orderRef>ORDER_REF_1409739861802</ord1:orderRef>
            <ord1:header>
               <!--Optional:-->
               <ord1:description>ORDER_REF_1409739861802</ord1:description>
               <!--Optional:-->
               <ord1:customerID>TIBCO</ord1:customerID>
               <!--Optional:-->
               <ord1:subscriberID>ABC</ord1:subscriberID>
               <!--You have a CHOICE of the next 2 items at this level-->
               <!--Optional:-->
               <!--<ord1:requiredByDate>2011-05-16T13:20:00+05:30</ord1:requiredByDate>-->
               <!--Optional:-->
               <ord1:invoiceAddress>
                  <com:line1>line1</com:line1>
                  <!--Optional:-->
                  <com:line2>line2</com:line2>
                  <!--Optional:-->
                  <com:line3>line3</com:line3>
                  <com:locality>locality</com:locality>
                  <!--Optional:-->
                  <com:region>region</com:region>
                  <com:country>US</com:country>
                  <com:postCode>11111</com:postCode>
                  <!--Optional:-->
                  <com:supplementaryLocation>supplementaryLocation</com:supplementaryLocation>
               </ord1:invoiceAddress>
               <!--Optional:-->
               <ord1:deliveryAddress>
                  <com:line1>line1</com:line1>
                  <!--Optional:-->
                  <com:line2>line2</com:line2>
                  <!--Optional:-->
                  <com:line3>line3</com:line3>
                  <com:locality>locality</com:locality>
                  <!--Optional:-->
                  <com:region>region</com:region>
                  <com:country>US</com:country>
                  <com:postCode>11111</com:postCode>
                  <!--Optional:-->
                  <com:supplementaryLocation>supplementaryLocation</com:supplementaryLocation>
               </ord1:deliveryAddress>
               <!--Optional:-->
               <ord1:notes>notes</ord1:notes>
               <!--Zero or more repetitions:-->
               <ord1:slaID>SLAID_01</ord1:slaID>
               <!--Zero or more repetitions:-->
               <ord1:udf>
                  <ord1:name>orderheaderUDF</ord1:name>
                  <ord1:value>EMPTY</ord1:value>
                  <!--Optional:-->
               </ord1:udf>
               <ord1:extension>
                  <fulfilment>AFO</fulfilment>
               </ord1:extension>
            </ord1:header>
            <!--1 or more repetitions:-->
            <ord1:line>
               <ord1:lineNumber>1</ord1:lineNumber>
               <!--Optional:-->
               <ord1:subscriberID>ABC</ord1:subscriberID>
               <ord1:productID>TEST_PRODUCT</ord1:productID>
               <!--Optional:-->
               <ord1:productVersion>0.1</ord1:productVersion>
               <ord1:quantity>1</ord1:quantity>
               <ord1:uom>UOM</ord1:uom>
               <!--Optional:-->
               <ord1:deliveryAddress>
                  <com:line1>line1</com:line1>
                  <!--Optional:-->
                  <com:line2>line2</com:line2>
                  <com:line3>line3</com:line3>
                  <com:locality>locality</com:locality>
                  <com:region>region</com:region>
                  <com:country>us</com:country>
                  <com:postCode>11111</com:postCode>
                  <com:supplementaryLocation>supplementaryLocation</com:supplementaryLocation>
               </ord1:deliveryAddress>
               <ord1:action>PROVIDE</ord1:action>
               <ord1:actionMode>MOVE</ord1:actionMode>
               <!--<ord1:requiredByDate>2011-05-16T13:20:00+05:30</ord1:requiredByDate>-->
               <ord1:linkID>order1</ord1:linkID>
               <ord1:inventoryID>1234567</ord1:inventoryID>
               <ord1:notes>NOTES</ord1:notes>
               <ord1:slaID>SLAID_01</ord1:slaID>
            </ord1:line>
         </ord:orderRequest>
      </ord:SubmitOrderRequest>
   </soapenv:Body>
</soapenv:Envelope>

---------------- Response --------------------------
Response Headers: Date : Wed, 03 Sep 2014 10:24:22 GMT
#status# : HTTP/1.1 404 Not Found
Content-Length : 1003
Content-Type : text/html;charset=utf-8
Server : Apache-Coyote/1.1


<html><head><title>Apache Tomcat/7.0.42 - Error report</title><style><!--H1 {font-family:Tahoma,Arial,sans-serif;color:white;background-color:#525D76;font-size:22px;} H2 {font-family:Tahoma,Arial,sans-serif;color:white;background-color:#525D76;font-size:16px;} H3 {font-family:Tahoma,Arial,sans-serif;color:white;background-color:#525D76;font-size:14px;} BODY {font-family:Tahoma,Arial,sans-serif;color:black;background-color:white;} B {font-family:Tahoma,Arial,sans-serif;color:white;background-color:#525D76;} P {font-family:Tahoma,Arial,sans-serif;background:white;color:black;font-size:12px;}A {color : black;}A.name {color : black;}HR {color : #525D76;}--></style> </head><body><h1>HTTP Status 404 - /omsServer/api/orderService</h1><HR size="1" noshade="noshade"><p><b>type</b> Status report</p><p><b>message</b> <u>/omsServer/api/orderService</u></p><p><b>description</b> <u>The requested resource is not available.</u></p><HR size="1" noshade="noshade"><h3>Apache Tomcat/7.0.42</h3></body></html>

java.lang.Exception: SOAP Response in [SubmitOrder-TEST_PRODUCT] failed;
[line -1: error: </body> does not close tag <HR>., line 1: </body> does not close tag <HR>.]
Status: FAILED
Time Taken: 265
Size: 1003
Timestamp: Wed Sep 03 12:24:21 CEST 2014
TestStep: SubmitOrder-TEST_PRODUCT

----------------- Messages ------------------------------
[SOAP Response] error: </body> does not close tag <HR>.
[SOAP Response] </body> does not close tag <HR>.

----------------- Properties ------------------------------
Encoding: UTF-8
Endpoint: http://localhost:18080/omsServer/api/orderService

---------------- Request ---------------------------
Request Headers: Host : localhost:18080
Content-Length : 4991
SOAPAction : "http://www.tibco.com/aff/service/soap/SubmitOrder"
Accept-Encoding : gzip,deflate
User-Agent : Apache-HttpClient/4.1.1 (java 1.5)
Connection : Keep-Alive
Content-Type : text/xml;charset=UTF-8


<soapenv:Envelope xmlns:soapenv="http://schemas.xmlsoap.org/soap/envelope/" xmlns:ord="http://www.tibco.com/aff/orderservice" xmlns:ord1="http://www.tibco.com/aff/order" xmlns:com="http://www.tibco.com/aff/commontypes">
   <soapenv:Header xmlns:wsa="http://www.w3.org/2005/08/addressing">
      <wsse:Security soapenv:mustUnderstand="1" xmlns:wsse="http://docs.oasis-open.org/wss/2004/01/oasis-200401-wss-wssecurity-secext-1.0.xsd">
         <wsse:UsernameToken>
            <wsse:Username>admin</wsse:Username>
            <wsse:Password Type="http://docs.oasis-open.org/wss/2004/01/oasis-200401-wss-username-token-profile-1.0#PasswordText">admin</wsse:Password>
         </wsse:UsernameToken>
      </wsse:Security>
      <wsa:Action>http://www.tibco.com/aff/service/soap/SubmitOrder</wsa:Action>
   </soapenv:Header>
   <soapenv:Body>
      <ord:SubmitOrderRequest ExternalBusinessTransactionID="12345">
         <ord:orderRequest>
            <ord1:orderRef>ORDER_REF_1409739861802</ord1:orderRef>
            <ord1:header>
               <!--Optional:-->
               <ord1:description>ORDER_REF_1409739861802</ord1:description>
               <!--Optional:-->
               <ord1:customerID>TIBCO</ord1:customerID>
               <!--Optional:-->
               <ord1:subscriberID>ABC</ord1:subscriberID>
               <!--You have a CHOICE of the next 2 items at this level-->
               <!--Optional:-->
               <!--<ord1:requiredByDate>2011-05-16T13:20:00+05:30</ord1:requiredByDate>-->
               <!--Optional:-->
               <ord1:invoiceAddress>
                  <com:line1>line1</com:line1>
                  <!--Optional:-->
                  <com:line2>line2</com:line2>
                  <!--Optional:-->
                  <com:line3>line3</com:line3>
                  <com:locality>locality</com:locality>
                  <!--Optional:-->
                  <com:region>region</com:region>
                  <com:country>US</com:country>
                  <com:postCode>11111</com:postCode>
                  <!--Optional:-->
                  <com:supplementaryLocation>supplementaryLocation</com:supplementaryLocation>
               </ord1:invoiceAddress>
               <!--Optional:-->
               <ord1:deliveryAddress>
                  <com:line1>line1</com:line1>
                  <!--Optional:-->
                  <com:line2>line2</com:line2>
                  <!--Optional:-->
                  <com:line3>line3</com:line3>
                  <com:locality>locality</com:locality>
                  <!--Optional:-->
                  <com:region>region</com:region>
                  <com:country>US</com:country>
                  <com:postCode>11111</com:postCode>
                  <!--Optional:-->
                  <com:supplementaryLocation>supplementaryLocation</com:supplementaryLocation>
               </ord1:deliveryAddress>
               <!--Optional:-->
               <ord1:notes>notes</ord1:notes>
               <!--Zero or more repetitions:-->
               <ord1:slaID>SLAID_01</ord1:slaID>
               <!--Zero or more repetitions:-->
               <ord1:udf>
                  <ord1:name>orderheaderUDF</ord1:name>
                  <ord1:value>EMPTY</ord1:value>
                  <!--Optional:-->
               </ord1:udf>
               <ord1:extension>
                  <fulfilment>AFO</fulfilment>
               </ord1:extension>
            </ord1:header>
            <!--1 or more repetitions:-->
            <ord1:line>
               <ord1:lineNumber>1</ord1:lineNumber>
               <!--Optional:-->
               <ord1:subscriberID>ABC</ord1:subscriberID>
               <ord1:productID>TEST_PRODUCT</ord1:productID>
               <!--Optional:-->
               <ord1:productVersion>0.1</ord1:productVersion>
               <ord1:quantity>1</ord1:quantity>
               <ord1:uom>UOM</ord1:uom>
               <!--Optional:-->
               <ord1:deliveryAddress>
                  <com:line1>line1</com:line1>
                  <!--Optional:-->
                  <com:line2>line2</com:line2>
                  <com:line3>line3</com:line3>
                  <com:locality>locality</com:locality>
                  <com:region>region</com:region>
                  <com:country>us</com:country>
                  <com:postCode>11111</com:postCode>
                  <com:supplementaryLocation>supplementaryLocation</com:supplementaryLocation>
               </ord1:deliveryAddress>
               <ord1:action>PROVIDE</ord1:action>
               <ord1:actionMode>MOVE</ord1:actionMode>
               <!--<ord1:requiredByDate>2011-05-16T13:20:00+05:30</ord1:requiredByDate>-->
               <ord1:linkID>order1</ord1:linkID>
               <ord1:inventoryID>1234567</ord1:inventoryID>
               <ord1:notes>NOTES</ord1:notes>
               <ord1:slaID>SLAID_01</ord1:slaID>
            </ord1:line>
         </ord:orderRequest>
      </ord:SubmitOrderRequest>
   </soapenv:Body>
</soapenv:Envelope>

---------------- Response --------------------------
Response Headers: Date : Wed, 03 Sep 2014 10:24:22 GMT
#status# : HTTP/1.1 404 Not Found
Content-Length : 1003
Content-Type : text/html;charset=utf-8
Server : Apache-Coyote/1.1


<html><head><title>Apache Tomcat/7.0.42 - Error report</title><style><!--H1 {font-family:Tahoma,Arial,sans-serif;color:white;background-color:#525D76;font-size:22px;} H2 {font-family:Tahoma,Arial,sans-serif;color:white;background-color:#525D76;font-size:16px;} H3 {font-family:Tahoma,Arial,sans-serif;color:white;background-color:#525D76;font-size:14px;} BODY {font-family:Tahoma,Arial,sans-serif;color:black;background-color:white;} B {font-family:Tahoma,Arial,sans-serif;color:white;background-color:#525D76;} P {font-family:Tahoma,Arial,sans-serif;background:white;color:black;font-size:12px;}A {color : black;}A.name {color : black;}HR {color : #525D76;}--></style> </head><body><h1>HTTP Status 404 - /omsServer/api/orderService</h1><HR size="1" noshade="noshade"><p><b>type</b> Status report</p><p><b>message</b> <u>/omsServer/api/orderService</u></p><p><b>description</b> <u>The requested resource is not available.</u></p><HR size="1" noshade="noshade"><h3>Apache Tomcat/7.0.42</h3></body></html>

	at com.eviware.soapui.tools.SoapUITestCaseRunner.throwFailureException(SoapUITestCaseRunner.java:535)
	at com.eviware.soapui.tools.SoapUITestCaseRunner.runRunner(SoapUITestCaseRunner.java:437)
	at com.eviware.soapui.tools.AbstractSoapUIRunner.run(AbstractSoapUIRunner.java:162)
	at com.eviware.soapui.tools.AbstractSoapUIRunner.runFromCommandLine(AbstractSoapUIRunner.java:93)
	at com.eviware.soapui.tools.SoapUITestCaseRunner.main(SoapUITestCaseRunner.java:119)
2014-09-23 12:25:45,878 ERROR [WsdlSubmit] Exception in request: org.apache.http.conn.HttpHostConnectException: Connection to http://localhost:18080 refused
2014-09-23 12:25:45,912 ERROR [errorlog] org.apache.http.conn.HttpHostConnectException: Connection to http://localhost:18080 refused
org.apache.http.conn.HttpHostConnectException: Connection to http://localhost:18080 refused
	at com.eviware.soapui.impl.wsdl.support.http.SoapUIMultiThreadedHttpConnectionManager$SoapUIClientConnectionOperator.openConnection(SoapUIMultiThreadedHttpConnectionManager.java:332)
	at org.apache.http.impl.conn.AbstractPoolEntry.open(AbstractPoolEntry.java:149)
	at org.apache.http.impl.conn.AbstractPooledConnAdapter.open(AbstractPooledConnAdapter.java:121)
	at org.apache.http.impl.client.DefaultRequestDirector.tryConnect(DefaultRequestDirector.java:561)
	at org.apache.http.impl.client.DefaultRequestDirector.execute(DefaultRequestDirector.java:415)
	at org.apache.http.impl.client.AbstractHttpClient.execute(AbstractHttpClient.java:820)
	at org.apache.http.impl.client.AbstractHttpClient.execute(AbstractHttpClient.java:754)
	at com.eviware.soapui.impl.wsdl.support.http.HttpClientSupport$Helper.execute(HttpClientSupport.java:247)
	at com.eviware.soapui.impl.wsdl.support.http.HttpClientSupport.execute(HttpClientSupport.java:362)
	at com.eviware.soapui.impl.wsdl.submit.transports.http.HttpClientRequestTransport.submitRequest(HttpClientRequestTransport.java:324)
	at com.eviware.soapui.impl.wsdl.submit.transports.http.HttpClientRequestTransport.sendRequest(HttpClientRequestTransport.java:237)
	at com.eviware.soapui.impl.wsdl.WsdlSubmit.run(WsdlSubmit.java:127)
	at com.eviware.soapui.impl.wsdl.WsdlSubmit.submitRequest(WsdlSubmit.java:80)
	at com.eviware.soapui.impl.wsdl.WsdlRequest.submit(WsdlRequest.java:242)
	at com.eviware.soapui.impl.wsdl.teststeps.WsdlTestRequestStep.run(WsdlTestRequestStep.java:419)
	at com.eviware.soapui.impl.wsdl.support.AbstractTestCaseRunner.runTestStep(AbstractTestCaseRunner.java:239)
	at com.eviware.soapui.impl.wsdl.testcase.WsdlTestCaseRunner.runCurrentTestStep(WsdlTestCaseRunner.java:52)
	at com.eviware.soapui.impl.wsdl.support.AbstractTestCaseRunner.internalRun(AbstractTestCaseRunner.java:152)
	at com.eviware.soapui.impl.wsdl.support.AbstractTestCaseRunner.internalRun(AbstractTestCaseRunner.java:47)
	at com.eviware.soapui.impl.wsdl.support.AbstractTestRunner.run(AbstractTestRunner.java:139)
	at com.eviware.soapui.impl.wsdl.support.AbstractTestRunner.start(AbstractTestRunner.java:81)
	at com.eviware.soapui.impl.wsdl.testcase.WsdlTestCase.run(WsdlTestCase.java:645)
	at com.eviware.soapui.tools.SoapUITestCaseRunner.runTestCase(SoapUITestCaseRunner.java:602)
	at com.eviware.soapui.tools.SoapUITestCaseRunner.runRunner(SoapUITestCaseRunner.java:399)
	at com.eviware.soapui.tools.AbstractSoapUIRunner.run(AbstractSoapUIRunner.java:162)
	at com.eviware.soapui.tools.AbstractSoapUIRunner.runFromCommandLine(AbstractSoapUIRunner.java:93)
	at com.eviware.soapui.tools.SoapUITestCaseRunner.main(SoapUITestCaseRunner.java:119)
Caused by: java.net.ConnectException: Connection refused
	at java.net.PlainSocketImpl.socketConnect(Native Method)
	at java.net.PlainSocketImpl.doConnect(PlainSocketImpl.java:351)
	at java.net.PlainSocketImpl.connectToAddress(PlainSocketImpl.java:213)
	at java.net.PlainSocketImpl.connect(PlainSocketImpl.java:200)
	at java.net.SocksSocketImpl.connect(SocksSocketImpl.java:338)
	at java.net.Socket.connect(Socket.java:529)
	at org.apache.http.conn.scheme.PlainSocketFactory.connectSocket(PlainSocketFactory.java:123)
	at com.eviware.soapui.impl.wsdl.support.http.SoapUIMultiThreadedHttpConnectionManager$SoapUIClientConnectionOperator.openConnection(SoapUIMultiThreadedHttpConnectionManager.java:310)
	... 26 more
2014-09-23 12:25:45,963 ERROR [errorlog] java.lang.Exception: TestCase [TEST_PRODUCT] failed without assertions

java.lang.Exception: TestCase [TEST_PRODUCT] failed without assertions

	at com.eviware.soapui.tools.SoapUITestCaseRunner.throwFailureException(SoapUITestCaseRunner.java:535)
	at com.eviware.soapui.tools.SoapUITestCaseRunner.runRunner(SoapUITestCaseRunner.java:437)
	at com.eviware.soapui.tools.AbstractSoapUIRunner.run(AbstractSoapUIRunner.java:162)
	at com.eviware.soapui.tools.AbstractSoapUIRunner.runFromCommandLine(AbstractSoapUIRunner.java:93)
	at com.eviware.soapui.tools.SoapUITestCaseRunner.main(SoapUITestCaseRunner.java:119)
2021-03-11 17:46:07,358 ERROR [errorlog] java.net.MalformedURLException: no protocol: /home/tibco/soapui/OrderServiceHTTP-soapui-project.xml
java.net.MalformedURLException: no protocol: /home/tibco/soapui/OrderServiceHTTP-soapui-project.xml
	at java.base/java.net.URL.<init>(URL.java:644)
	at java.base/java.net.URL.<init>(URL.java:540)
	at java.base/java.net.URL.<init>(URL.java:487)
	at com.eviware.soapui.impl.wsdl.WsdlProject.<init>(WsdlProject.java:236)
	at com.eviware.soapui.impl.wsdl.WsdlProjectFactory.createNew(WsdlProjectFactory.java:45)
	at com.eviware.soapui.impl.wsdl.WsdlProjectFactory.createNew(WsdlProjectFactory.java:28)
	at com.eviware.soapui.tools.SoapUITestCaseRunner.runRunner(SoapUITestCaseRunner.java:341)
	at com.eviware.soapui.tools.AbstractSoapUIRunner.run(AbstractSoapUIRunner.java:162)
	at com.eviware.soapui.tools.AbstractSoapUIRunner.runFromCommandLine(AbstractSoapUIRunner.java:93)
	at com.eviware.soapui.tools.SoapUITestCaseRunner.main(SoapUITestCaseRunner.java:119)
2021-03-11 17:46:08,913 ERROR [errorlog] java.lang.Exception: Failed to load SoapUI project file [/home/tibco/soapui/OrderServiceHTTP-soapui-project.xml]
java.lang.Exception: Failed to load SoapUI project file [/home/tibco/soapui/OrderServiceHTTP-soapui-project.xml]
	at com.eviware.soapui.tools.SoapUITestCaseRunner.runRunner(SoapUITestCaseRunner.java:345)
	at com.eviware.soapui.tools.AbstractSoapUIRunner.run(AbstractSoapUIRunner.java:162)
	at com.eviware.soapui.tools.AbstractSoapUIRunner.runFromCommandLine(AbstractSoapUIRunner.java:93)
	at com.eviware.soapui.tools.SoapUITestCaseRunner.main(SoapUITestCaseRunner.java:119)
2021-03-15 21:47:26,291 ERROR [errorlog] java.net.MalformedURLException: no protocol: /home/tibco/soapui/OrderServiceHTTP-soapui-project.xml
java.net.MalformedURLException: no protocol: /home/tibco/soapui/OrderServiceHTTP-soapui-project.xml
	at java.net.URL.<init>(URL.java:593)
	at java.net.URL.<init>(URL.java:490)
	at java.net.URL.<init>(URL.java:439)
	at com.eviware.soapui.impl.wsdl.WsdlProject.<init>(WsdlProject.java:236)
	at com.eviware.soapui.impl.wsdl.WsdlProjectFactory.createNew(WsdlProjectFactory.java:45)
	at com.eviware.soapui.impl.wsdl.WsdlProjectFactory.createNew(WsdlProjectFactory.java:28)
	at com.eviware.soapui.tools.SoapUITestCaseRunner.runRunner(SoapUITestCaseRunner.java:341)
	at com.eviware.soapui.tools.AbstractSoapUIRunner.run(AbstractSoapUIRunner.java:162)
	at com.eviware.soapui.tools.AbstractSoapUIRunner.runFromCommandLine(AbstractSoapUIRunner.java:93)
	at com.eviware.soapui.tools.SoapUITestCaseRunner.main(SoapUITestCaseRunner.java:119)
2021-03-15 21:47:26,400 ERROR [errorlog] java.lang.Exception: Failed to load SoapUI project file [/home/tibco/soapui/OrderServiceHTTP-soapui-project.xml]
java.lang.Exception: Failed to load SoapUI project file [/home/tibco/soapui/OrderServiceHTTP-soapui-project.xml]
	at com.eviware.soapui.tools.SoapUITestCaseRunner.runRunner(SoapUITestCaseRunner.java:345)
	at com.eviware.soapui.tools.AbstractSoapUIRunner.run(AbstractSoapUIRunner.java:162)
	at com.eviware.soapui.tools.AbstractSoapUIRunner.runFromCommandLine(AbstractSoapUIRunner.java:93)
	at com.eviware.soapui.tools.SoapUITestCaseRunner.main(SoapUITestCaseRunner.java:119)
2021-03-16 06:04:34,574 ERROR [errorlog] java.net.MalformedURLException: no protocol: /home/tibco/soapui/OrderServiceHTTP-soapui-project.xml
java.net.MalformedURLException: no protocol: /home/tibco/soapui/OrderServiceHTTP-soapui-project.xml
	at java.base/java.net.URL.<init>(URL.java:644)
	at java.base/java.net.URL.<init>(URL.java:540)
	at java.base/java.net.URL.<init>(URL.java:487)
	at com.eviware.soapui.impl.wsdl.WsdlProject.<init>(WsdlProject.java:236)
	at com.eviware.soapui.impl.wsdl.WsdlProjectFactory.createNew(WsdlProjectFactory.java:45)
	at com.eviware.soapui.impl.wsdl.WsdlProjectFactory.createNew(WsdlProjectFactory.java:28)
	at com.eviware.soapui.tools.SoapUITestCaseRunner.runRunner(SoapUITestCaseRunner.java:341)
	at com.eviware.soapui.tools.AbstractSoapUIRunner.run(AbstractSoapUIRunner.java:162)
	at com.eviware.soapui.tools.AbstractSoapUIRunner.runFromCommandLine(AbstractSoapUIRunner.java:93)
	at com.eviware.soapui.tools.SoapUITestCaseRunner.main(SoapUITestCaseRunner.java:119)
2021-03-16 06:04:34,776 ERROR [errorlog] java.lang.Exception: Failed to load SoapUI project file [/home/tibco/soapui/OrderServiceHTTP-soapui-project.xml]
java.lang.Exception: Failed to load SoapUI project file [/home/tibco/soapui/OrderServiceHTTP-soapui-project.xml]
	at com.eviware.soapui.tools.SoapUITestCaseRunner.runRunner(SoapUITestCaseRunner.java:345)
	at com.eviware.soapui.tools.AbstractSoapUIRunner.run(AbstractSoapUIRunner.java:162)
	at com.eviware.soapui.tools.AbstractSoapUIRunner.runFromCommandLine(AbstractSoapUIRunner.java:93)
	at com.eviware.soapui.tools.SoapUITestCaseRunner.main(SoapUITestCaseRunner.java:119)
2021-11-23 12:43:31,209 ERROR [errorlog] java.net.MalformedURLException: no protocol: /home/tibco/soapui/OrderServiceHTTP-soapui-project.xml
java.net.MalformedURLException: no protocol: /home/tibco/soapui/OrderServiceHTTP-soapui-project.xml
	at java.net.URL.<init>(URL.java:593)
	at java.net.URL.<init>(URL.java:490)
	at java.net.URL.<init>(URL.java:439)
	at com.eviware.soapui.impl.wsdl.WsdlProject.<init>(WsdlProject.java:236)
	at com.eviware.soapui.impl.wsdl.WsdlProjectFactory.createNew(WsdlProjectFactory.java:45)
	at com.eviware.soapui.impl.wsdl.WsdlProjectFactory.createNew(WsdlProjectFactory.java:28)
	at com.eviware.soapui.tools.SoapUITestCaseRunner.runRunner(SoapUITestCaseRunner.java:341)
	at com.eviware.soapui.tools.AbstractSoapUIRunner.run(AbstractSoapUIRunner.java:162)
	at com.eviware.soapui.tools.AbstractSoapUIRunner.runFromCommandLine(AbstractSoapUIRunner.java:93)
	at com.eviware.soapui.tools.SoapUITestCaseRunner.main(SoapUITestCaseRunner.java:119)
2021-11-23 12:43:31,297 ERROR [errorlog] java.lang.Exception: Failed to load SoapUI project file [/home/tibco/soapui/OrderServiceHTTP-soapui-project.xml]
java.lang.Exception: Failed to load SoapUI project file [/home/tibco/soapui/OrderServiceHTTP-soapui-project.xml]
	at com.eviware.soapui.tools.SoapUITestCaseRunner.runRunner(SoapUITestCaseRunner.java:345)
	at com.eviware.soapui.tools.AbstractSoapUIRunner.run(AbstractSoapUIRunner.java:162)
	at com.eviware.soapui.tools.AbstractSoapUIRunner.runFromCommandLine(AbstractSoapUIRunner.java:93)
	at com.eviware.soapui.tools.SoapUITestCaseRunner.main(SoapUITestCaseRunner.java:119)
